 1 4
 2 3
 3 4
 4 3
 5 1
 6 3
 7 2
 8 4
 9 4
 10 4
 11 3
 12 3
 13 4
 14 1
 15 1
 16 4
 17 2
 18 4
 19 4
 20 3
 21 1
 22 2
 23 4
 24 1
 25 1
 26 4
 27 3
 28 4
 29 3
 30 1
 31 4
 32 4
 33 3
 34 1
 35 4
 36 2
 37 3
 38 4
 39 3
 40 4
 41 3
 42 2
 43 2
 44 1
 45 2
 46 2
 47 4
 48 1
 49 4
 50 2
 51 1
 52 1
 53 4
 54 1
 55 2
 56 3
 57 3
 58 1
 59 3
 60 3
 61 3
 62 4
 63 2
 64 4
 65 3
 66 2
 67 3
 68 1
 69 4
 70 1
 71 1
 72 4
 73 1
 74 4
 75 1
 76 3
 77 4
 78 4
 79 2
 80 1
 81 4
 82 3
 83 2
 84 1
 85 3
 86 2
 87 2
 88 2
 89 3
 90 4
 91 1
 92 2
 93 3
 94 1
 95 4
 96 1
 97 3
 98 3
 99 1
 100 3
 101 3
 102 1
 103 4
 104 2
 105 1
 106 4
 107 1
 108 2
 109 4
 110 4
 111 3
 112 2
 113 4
 114 4
 115 3
 116 3
 117 4
 118 2
 119 2
 120 4
 121 4
 122 4
 123 3
 124 2
 125 2
 126 1
 127 2
 128 4
 129 4
 130 4
 131 1
 132 4
 133 2
 134 2
 135 1
 136 2
 137 2
 138 3
 139 4
 140 4
 141 4
 142 4
 143 4
 144 4
 145 1
 146 1
 147 4
 148 1
 149 2
 150 2
 151 1
 152 4
 153 3
 154 3
 155 1
 156 4
 157 2
 158 1
 159 1
 160 4
 161 2
 162 1
 163 2
 164 3
 165 1
 166 3
 167 4
 168 3
 169 1
 170 3
 171 4
 172 3
 173 3
 174 1
 175 2
 176 3
 177 2
 178 3
 179 4
 180 4
 181 1
 182 3
 183 4
 184 2
 185 2
 186 3
 187 3
 188 4
 189 2
 190 4
 191 1
 192 3
 193 1
 194 3
 195 4
 196 1
 197 1
 198 3
 199 3
 200 2
 201 2
 202 4
 203 2
 204 4
 205 4
 206 3
 207 2
 208 3
 209 2
 210 2
 211 2
 212 1
 213 4
 214 2
 215 3
 216 3
 217 4
 218 2
 219 4
 220 4
 221 3
 222 3
 223 4
 224 2
 225 4
 226 4
 227 2
 228 1
 229 1
 230 3
 231 4
 232 2
 233 2
 234 3
 235 4
 236 4
 237 4
 238 4
 239 2
 240 4
 241 1
 242 4
 243 3
 244 2
 245 3
 246 4
 247 1
 248 2
 249 2
 250 1
 251 3
 252 3
 253 1
 254 3
 255 2
 256 1
 257 1
 258 2
 259 2
 260 2
 261 4
 262 4
 263 2
 264 3
 265 4
 266 1
 267 2
 268 4
 269 1
 270 1
 271 4
 272 2
 273 3
 274 4
 275 1
 276 3
 277 3
 278 2
 279 2
 280 1
 281 2
 282 1
 283 1
 284 1
 285 3
 286 4
 287 2
 288 4
 289 3
 290 1
 291 1
 292 3
 293 1
 294 1
 295 1
 296 2
 297 1
 298 2
 299 2
 300 1
 301 3
 302 4
 303 3
 304 4
 305 3
 306 3
 307 1
 308 1
 309 4
 310 4
 311 3
 312 4
 313 3
 314 2
 315 3
 316 1
 317 3
 318 3
 319 4
 320 3
 321 4
 322 1
 323 4
 324 1
 325 2
 326 3
 327 4
 328 2
 329 1
 330 1
 331 4
 332 1
 333 3
 334 3
 335 4
 336 3
 337 2
 338 3
 339 3
 340 1
 341 3
 342 3
 343 4
 344 1
 345 2
 346 2
 347 3
 348 4
 349 1
 350 2
 351 1
 352 2
 353 1
 354 4
 355 2
 356 3
 357 1
 358 1
 359 3
 360 1
 361 4
 362 2
 363 2
 364 2
 365 1
 366 4
 367 1
 368 3
 369 4
 370 2
 371 2
 372 4
 373 4
 374 4
 375 2
 376 2
 377 1
 378 2
 379 2
 380 1
 381 1
 382 3
 383 3
 384 4
 385 2
 386 3
 387 1
 388 4
 389 3
 390 1
 391 1
 392 4
 393 1
 394 3
 395 4
 396 1
 397 1
 398 4
 399 1
 400 4
 401 2
 402 1
 403 3
 404 1
 405 1
 406 3
 407 3
 408 4
 409 2
 410 1
 411 4
 412 3
 413 2
 414 4
 415 2
 416 1
 417 4
 418 1
 419 3
 420 1
 421 3
 422 1
 423 3
 424 1
 425 1
 426 4
 427 1
 428 1
 429 3
 430 2
 431 4
 432 3
 433 2
 434 3
 435 4
 436 2
 437 3
 438 1
 439 4
 440 2
 441 1
 442 2
 443 2
 444 3
 445 4
 446 4
 447 3
 448 2
 449 1
 450 3
 451 4
 452 4
 453 1
 454 2
 455 3
 456 2
 457 3
 458 1
 459 4
 460 2
 461 2
 462 4
 463 3
 464 3
 465 3
 466 4
 467 2
 468 4
 469 3
 470 1
 471 4
 472 2
 473 4
 474 2
 475 2
 476 2
 477 3
 478 4
 479 2
 480 1
 481 3
 482 1
 483 3
 484 3
 485 2
 486 2
 487 3
 488 1
 489 4
 490 1
 491 1
 492 2
 493 4
 494 1
 495 4
 496 4
 497 2
 498 2
 499 4
 500 1
 501 4
 502 1
 503 4
 504 3
 505 4
 506 4
 507 2
 508 3
 509 4
 510 3
 511 1
 512 3
 513 4
 514 3
 515 1
 516 1
 517 2
 518 4
 519 4
 520 4
 521 2
 522 4
 523 1
 524 1
 525 2
 526 4
 527 3
 528 4
 529 3
 530 3
 531 1
 532 3
 533 2
 534 3
 535 2
 536 3
 537 1
 538 2
 539 4
 540 3
 541 3
 542 3
 543 4
 544 4
 545 3
 546 3
 547 4
 548 1
 549 1
 550 2
 551 3
 552 1
 553 2
 554 4
 555 4
 556 2
 557 1
 558 1
 559 3
 560 1
 561 4
 562 2
 563 3
 564 4
 565 3
 566 2
 567 2
 568 4
 569 2
 570 1
 571 3
 572 2
 573 4
 574 3
 575 4
 576 4
 577 2
 578 4
 579 4
 580 3
 581 2
 582 1
 583 1
 584 2
 585 1
 586 4
 587 2
 588 3
 589 4
 590 4
 591 2
 592 1
 593 2
 594 4
 595 4
 596 1
 597 2
 598 3
 599 1
 600 4
 601 2
 602 1
 603 2
 604 4
 605 2
 606 2
 607 1
 608 1
 609 2
 610 2
 611 1
 612 2
 613 4
 614 4
 615 2
 616 3
 617 4
 618 1
 619 3
 620 4
 621 3
 622 1
 623 4
 624 4
 625 3
 626 1
 627 4
 628 2
 629 3
 630 4
 631 3
 632 4
 633 1
 634 4
 635 1
 636 2
 637 1
 638 2
 639 3
 640 2
 641 4
 642 4
 643 1
 644 1
 645 3
 646 4
 647 4
 648 3
 649 3
 650 1
 651 2
 652 4
 653 4
 654 4
 655 3
 656 4
 657 4
 658 2
 659 4
 660 2
 661 3
 662 2
 663 2
 664 2
 665 3
 666 1
 667 3
 668 1
 669 3
 670 1
 671 3
 672 2
 673 1
 674 1
 675 2
 676 4
 677 2
 678 3
 679 4
 680 4
 681 3
 682 2
 683 4
 684 1
 685 3
 686 1
 687 1
 688 1
 689 1
 690 1
 691 3
 692 1
 693 2
 694 4
 695 3
 696 3
 697 1
 698 3
 699 3
 700 1
 701 1
 702 4
 703 3
 704 3
 705 2
 706 4
 707 1
 708 2
 709 4
 710 3
 711 4
 712 4
 713 3
 714 1
 715 4
 716 2
 717 3
 718 3
 719 1
 720 2
 721 2
 722 3
 723 1
 724 2
 725 3
 726 1
 727 4
 728 4
 729 2
 730 3
 731 4
 732 4
 733 1
 734 3
 735 1
 736 2
 737 4
 738 3
 739 3
 740 2
 741 1
 742 2
 743 2
 744 2
 745 2
 746 4
 747 4
 748 4
 749 3
 750 1
 751 2
 752 2
 753 4
 754 3
 755 3
 756 3
 757 3
 758 3
 759 4
 760 2
 761 4
 762 2
 763 3
 764 3
 765 4
 766 3
 767 3
 768 1
 769 3
 770 4
 771 4
 772 1
 773 1
 774 2
 775 3
 776 2
 777 2
 778 2
 779 2
 780 2
 781 2
 782 1
 783 3
 784 4
 785 3
 786 1
 787 4
 788 4
 789 2
 790 1
 791 2
 792 3
 793 3
 794 1
 795 1
 796 3
 797 2
 798 1
 799 4
 800 2
 801 1
 802 1
 803 2
 804 2
 805 4
 806 2
 807 2
 808 4
 809 1
 810 2
 811 1
 812 4
 813 3
 814 1
 815 4
 816 3
 817 3
 818 2
 819 3
 820 2
 821 4
 822 4
 823 4
 824 3
 825 3
 826 4
 827 4
 828 1
 829 2
 830 2
 831 3
 832 2
 833 1
 834 3
 835 4
 836 3
 837 3
 838 1
 839 4
 840 2
 841 1
 842 1
 843 2
 844 1
 845 1
 846 2
 847 4
 848 2
 849 1
 850 1
 851 3
 852 2
 853 1
 854 2
 855 3
 856 1
 857 2
 858 2
 859 4
 860 1
 861 4
 862 3
 863 3
 864 4
 865 1
 866 4
 867 3
 868 3
 869 4
 870 1
 871 4
 872 3
 873 1
 874 1
 875 2
 876 2
 877 2
 878 4
 879 3
 880 4
 881 4
 882 2
 883 4
 884 4
 885 4
 886 2
 887 2
 888 4
 889 3
 890 1
 891 1
 892 2
 893 4
 894 3
 895 2
 896 3
 897 4
 898 2
 899 2
 900 4
 901 4
 902 3
 903 3
 904 2
 905 4
 906 2
 907 3
 908 4
 909 2
 910 4
 911 2
 912 1
 913 1
 914 2
 915 2
 916 3
 917 3
 918 4
 919 2
 920 2
 921 2
 922 2
 923 3
 924 2
 925 3
 926 4
 927 2
 928 1
 929 1
 930 2
 931 4
 932 4
 933 2
 934 1
 935 4
 936 4
 937 1
 938 1
 939 1
 940 1
 941 4
 942 3
 943 4
 944 4
 945 1
 946 1
 947 4
 948 3
 949 3
 950 1
 951 1
 952 3
 953 2
 954 2
 955 1
 956 3
 957 1
 958 1
 959 2
 960 2
 961 1
 962 1
 963 1
 964 4
 965 3
 966 1
 967 2
 968 3
 969 1
 970 2
 971 3
 972 2
 973 3
 974 2
 975 1
 976 2
 977 2
 978 1
 979 2
 980 1
 981 4
 982 3
 983 1
 984 2
 985 2
 986 3
 987 4
 988 1
 989 4
 990 2
 991 4
 992 3
 993 2
 994 3
 995 3
 996 3
 997 4
 998 1
 999 4
 1000 1
 1001 2
 1002 4
 1003 4
 1004 3
 1005 4
 1006 4
 1007 2
 1008 4
 1009 2
 1010 2
 1011 2
 1012 3
 1013 4
 1014 1
 1015 2
 1016 1
 1017 2
 1018 3
 1019 1
 1020 3
 1021 4
 1022 4
 1023 2
 1024 2
 1025 4
 1026 4
 1027 4
 1028 1
 1029 3
 1030 3
 1031 4
 1032 1
 1033 4
 1034 3
 1035 3
 1036 3
 1037 2
 1038 2
 1039 1
 1040 4
 1041 4
 1042 3
 1043 2
 1044 1
 1045 2
 1046 1
 1047 4
 1048 4
 1049 1
 1050 4
 1051 3
 1052 2
 1053 4
 1054 4
 1055 2
 1056 4
 1057 3
 1058 1
 1059 4
 1060 3
 1061 3
 1062 4
 1063 3
 1064 3
 1065 1
 1066 1
 1067 4
 1068 3
 1069 1
 1070 4
 1071 4
 1072 4
 1073 1
 1074 2
 1075 2
 1076 3
 1077 1
 1078 3
 1079 4
 1080 2
 1081 4
 1082 1
 1083 4
 1084 1
 1085 3
 1086 4
 1087 3
 1088 2
 1089 4
 1090 3
 1091 4
 1092 3
 1093 1
 1094 4
 1095 4
 1096 1
 1097 4
 1098 1
 1099 3
 1100 4
 1101 4
 1102 1
 1103 3
 1104 1
 1105 2
 1106 4
 1107 2
 1108 4
 1109 4
 1110 1
 1111 2
 1112 2
 1113 3
 1114 4
 1115 3
 1116 3
 1117 3
 1118 1
 1119 1
 1120 2
 1121 3
 1122 4
 1123 3
 1124 2
 1125 1
 1126 4
 1127 1
 1128 3
 1129 3
 1130 4
 1131 1
 1132 1
 1133 1
 1134 2
 1135 4
 1136 4
 1137 1
 1138 2
 1139 4
 1140 4
 1141 3
 1142 3
 1143 3
 1144 1
 1145 1
 1146 2
 1147 2
 1148 1
 1149 3
 1150 2
 1151 2
 1152 4
 1153 4
 1154 2
 1155 2
 1156 4
 1157 4
 1158 4
 1159 3
 1160 2
 1161 2
 1162 1
 1163 1
 1164 2
 1165 4
 1166 4
 1167 1
 1168 1
 1169 3
 1170 3
 1171 3
 1172 3
 1173 4
 1174 2
 1175 1
 1176 1
 1177 2
 1178 2
 1179 3
 1180 4
 1181 4
 1182 2
 1183 1
 1184 1
 1185 4
 1186 3
 1187 4
 1188 4
 1189 3
 1190 4
 1191 2
 1192 1
 1193 2
 1194 1
 1195 2
 1196 2
 1197 2
 1198 2
 1199 2
 1200 1
 1201 4
 1202 2
 1203 1
 1204 4
 1205 4
 1206 1
 1207 4
 1208 4
 1209 2
 1210 1
 1211 3
 1212 4
 1213 2
 1214 3
 1215 4
 1216 3
 1217 2
 1218 4
 1219 3
 1220 4
 1221 1
 1222 4
 1223 1
 1224 1
 1225 2
 1226 4
 1227 3
 1228 2
 1229 2
 1230 4
 1231 2
 1232 3
 1233 3
 1234 3
 1235 3
 1236 3
 1237 2
 1238 1
 1239 2
 1240 3
 1241 3
 1242 1
 1243 4
 1244 3
 1245 1
 1246 1
 1247 4
 1248 1
 1249 3
 1250 3
 1251 3
 1252 3
 1253 4
 1254 4
 1255 2
 1256 4
 1257 4
 1258 4
 1259 1
 1260 1
 1261 1
 1262 2
 1263 1
 1264 3
 1265 2
 1266 3
 1267 2
 1268 1
 1269 3
 1270 2
 1271 2
 1272 1
 1273 3
 1274 3
 1275 1
 1276 4
 1277 4
 1278 4
 1279 2
 1280 1
 1281 3
 1282 3
 1283 2
 1284 2
 1285 4
 1286 1
 1287 1
 1288 1
 1289 3
 1290 3
 1291 3
 1292 4
 1293 4
 1294 4
 1295 2
 1296 1
 1297 3
 1298 3
 1299 4
 1300 1
 1301 1
 1302 2
 1303 3
 1304 2
 1305 1
 1306 1
 1307 1
 1308 2
 1309 1
 1310 1
 1311 4
 1312 4
 1313 3
 1314 2
 1315 2
 1316 3
 1317 3
 1318 2
 1319 4
 1320 2
 1321 1
 1322 2
 1323 3
 1324 1
 1325 3
 1326 3
 1327 4
 1328 3
 1329 4
 1330 1
 1331 3
 1332 4
 1333 2
 1334 4
 1335 1
 1336 4
 1337 4
 1338 4
 1339 4
 1340 2
 1341 1
 1342 1
 1343 4
 1344 3
 1345 3
 1346 4
 1347 2
 1348 1
 1349 3
 1350 3
 1351 4
 1352 2
 1353 2
 1354 2
 1355 3
 1356 3
 1357 3
 1358 1
 1359 3
 1360 2
 1361 3
 1362 4
 1363 1
 1364 3
 1365 3
 1366 3
 1367 1
 1368 4
 1369 2
 1370 2
 1371 1
 1372 1
 1373 1
 1374 1
 1375 2
 1376 3
 1377 1
 1378 3
 1379 4
 1380 2
 1381 1
 1382 1
 1383 2
 1384 2
 1385 4
 1386 4
 1387 3
 1388 1
 1389 3
 1390 2
 1391 3
 1392 4
 1393 3
 1394 2
 1395 2
 1396 2
 1397 2
 1398 4
 1399 1
 1400 2
 1401 3
 1402 2
 1403 4
 1404 1
 1405 1
 1406 4
 1407 1
 1408 4
 1409 4
 1410 4
 1411 3
 1412 2
 1413 4
 1414 1
 1415 1
 1416 1
 1417 4
 1418 2
 1419 3
 1420 4
 1421 3
 1422 3
 1423 1
 1424 1
 1425 4
 1426 2
 1427 4
 1428 3
 1429 4
 1430 1
 1431 4
 1432 4
 1433 4
 1434 3
 1435 3
 1436 1
 1437 3
 1438 4
 1439 3
 1440 1
 1441 3
 1442 1
 1443 4
 1444 3
 1445 1
 1446 3
 1447 2
 1448 4
 1449 1
 1450 1
 1451 2
 1452 4
 1453 3
 1454 3
 1455 2
 1456 2
 1457 3
 1458 3
 1459 4
 1460 4
 1461 4
 1462 4
 1463 1
 1464 2
 1465 2
 1466 4
 1467 2
 1468 4
 1469 4
 1470 4
 1471 4
 1472 4
 1473 2
 1474 3
 1475 3
 1476 3
 1477 2
 1478 4
 1479 1
 1480 4
 1481 1
 1482 4
 1483 1
 1484 1
 1485 1
 1486 3
 1487 2
 1488 3
 1489 2
 1490 2
 1491 1
 1492 4
 1493 1
 1494 4
 1495 2
 1496 2
 1497 1
 1498 4
 1499 2
 1500 3
 1501 2
 1502 2
 1503 2
 1504 3
 1505 1
 1506 1
 1507 2
 1508 2
 1509 2
 1510 3
 1511 4
 1512 2
 1513 4
 1514 2
 1515 3
 1516 1
 1517 4
 1518 4
 1519 1
 1520 2
 1521 4
 1522 2
 1523 1
 1524 2
 1525 3
 1526 1
 1527 3
 1528 4
 1529 4
 1530 1
 1531 4
 1532 4
 1533 3
 1534 2
 1535 3
 1536 1
 1537 4
 1538 2
 1539 2
 1540 1
 1541 2
 1542 4
 1543 2
 1544 2
 1545 2
 1546 3
 1547 3
 1548 2
 1549 4
 1550 4
 1551 4
 1552 1
 1553 1
 1554 4
 1555 3
 1556 2
 1557 2
 1558 4
 1559 4
 1560 1
 1561 4
 1562 3
 1563 4
 1564 1
 1565 3
 1566 4
 1567 2
 1568 2
 1569 3
 1570 1
 1571 4
 1572 3
 1573 4
 1574 4
 1575 1
 1576 1
 1577 4
 1578 2
 1579 1
 1580 3
 1581 2
 1582 1
 1583 3
 1584 1
 1585 4
 1586 2
 1587 3
 1588 2
 1589 3